<?xml version="1.0" encoding="UTF-8"?>
<!-- Generated by org.testng.reporters.JUnitReportReporter -->
<testsuite hostname="SeenaReddy" failures="0" tests="3" name="testng.ClgWeekLive" time="58.510" errors="0" timestamp="2023-03-07T21:23:21 CST" skipped="0">
  <testcase classname="testng.ClgWeekLive" name="f" time="20.219"/>
  <system-out/>
  <testcase classname="testng.ClgWeekLive" name="f" time="19.247"/>
  <system-out/>
  <testcase classname="testng.ClgWeekLive" name="f" time="19.044"/>
  <system-out/>
</testsuite> <!-- testng.ClgWeekLive -->
