<?xml version="1.0" encoding="UTF-8"?>
<!-- Generated by org.testng.reporters.JUnitReportReporter -->
<testsuite hostname="SeenaReddy" failures="0" tests="1" name="testng.ClgWeekLive" time="20.164" errors="0" timestamp="2023-03-01T21:13:14 CST" skipped="0">
  <testcase classname="testng.ClgWeekLive" name="f" time="20.164"/>
  <system-out/>
</testsuite> <!-- testng.ClgWeekLive -->
