<?xml version="1.0" encoding="UTF-8"?>
<!-- Generated by org.testng.reporters.JUnitReportReporter -->
<testsuite hostname="SeenaReddy" failures="0" tests="1" name="testng.AlertHandle" time="15.619" errors="0" timestamp="2023-03-01T21:13:14 CST" skipped="0">
  <testcase classname="testng.AlertHandle" name="f" time="15.619"/>
  <system-out/>
</testsuite> <!-- testng.AlertHandle -->
