<?xml version="1.0" encoding="UTF-8"?>
<!-- Generated by org.testng.reporters.JUnitReportReporter -->
<testsuite hostname="SeenaReddy" failures="0" tests="1" name="testng.ClgWeekLive" time="21.129" errors="0" timestamp="2023-02-21T21:33:10 CST" skipped="0">
  <testcase classname="testng.ClgWeekLive" name="f" time="21.129"/>
  <system-out/>
</testsuite> <!-- testng.ClgWeekLive -->
