<?xml version="1.0" encoding="UTF-8"?>
<!-- Generated by org.testng.reporters.JUnitReportReporter -->
<testsuite hostname="SeenaReddy" failures="0" tests="4" name="testng.TestSample1" time="0.003" errors="0" timestamp="2023-03-01T21:13:14 CST" skipped="0">
  <testcase classname="testng.TestSample1" name="addNum" time="0.000"/>
  <system-out/>
  <testcase classname="testng.TestSample1" name="findLargeNumber" time="0.002"/>
  <system-out/>
  <testcase classname="testng.TestSample1" name="subNum" time="0.001"/>
  <system-out/>
  <testcase classname="testng.TestSample1" name="mulNum" time="0.000"/>
  <system-out/>
</testsuite> <!-- testng.TestSample1 -->
