<?xml version="1.0" encoding="UTF-8"?>
<!-- Generated by org.testng.reporters.JUnitReportReporter -->
<testsuite hostname="SeenaReddy" failures="0" tests="4" name="testng.Annotations2" time="0.007" errors="0" timestamp="2023-03-06T21:25:10 CST" skipped="0">
  <testcase classname="testng.Annotations2" name="tc_01" time="0.006"/>
  <system-out/>
  <testcase classname="testng.Annotations2" name="tc_03" time="0.001"/>
  <system-out/>
  <testcase classname="testng.Annotations2" name="tc_02" time="0.000"/>
  <system-out/>
  <testcase classname="testng.Annotations2" name="tc_04" time="0.000"/>
  <system-out/>
</testsuite> <!-- testng.Annotations2 -->
