<?xml version="1.0" encoding="UTF-8"?>
<!-- Generated by org.testng.reporters.JUnitReportReporter -->
<testsuite hostname="SeenaReddy" failures="0" tests="1" name="testng.Annotations3" time="0.005" errors="0" timestamp="2023-03-06T21:28:09 CST" skipped="0">
  <testcase classname="testng.Annotations3" name="f" time="0.005"/>
  <system-out/>
</testsuite> <!-- testng.Annotations3 -->
