<?xml version="1.0" encoding="UTF-8"?>
<!-- Generated by org.testng.reporters.JUnitReportReporter -->
<testsuite hostname="SeenaReddy" failures="0" tests="3" name="testng.CrossBrowserTesting" time="4.461" errors="0" timestamp="2023-03-07T21:23:21 CST" skipped="0">
  <testcase classname="testng.CrossBrowserTesting" name="f" time="1.152"/>
  <system-out/>
  <testcase classname="testng.CrossBrowserTesting" name="f" time="2.174"/>
  <system-out/>
  <testcase classname="testng.CrossBrowserTesting" name="f" time="1.135"/>
  <system-out/>
</testsuite> <!-- testng.CrossBrowserTesting -->
