<?xml version="1.0" encoding="UTF-8"?>
<!-- Generated by org.testng.reporters.JUnitReportReporter -->
<testsuite hostname="SeenaReddy" failures="0" tests="4" name="testng.Annotations1" time="0.012" errors="0" timestamp="2023-03-06T21:23:11 CST" skipped="0">
  <testcase classname="testng.Annotations1" name="y" time="0.009"/>
  <system-out/>
  <testcase classname="testng.Annotations1" name="k" time="0.001"/>
  <system-out/>
  <testcase classname="testng.Annotations1" name="b" time="0.001"/>
  <system-out/>
  <testcase classname="testng.Annotations1" name="f" time="0.001"/>
  <system-out/>
</testsuite> <!-- testng.Annotations1 -->
