<?xml version="1.0" encoding="UTF-8"?>
<!-- Generated by org.testng.reporters.JUnitReportReporter -->
<testsuite hostname="SeenaReddy" failures="0" tests="2" name="testng.TestFAQ_testng" time="0.001" errors="0" timestamp="2023-03-01T21:13:14 CST" skipped="0">
  <testcase classname="testng.TestFAQ_testng" name="add" time="0.000"/>
  <system-out/>
  <testcase classname="testng.TestFAQ_testng" name="sub" time="0.001"/>
  <system-out/>
</testsuite> <!-- testng.TestFAQ_testng -->
