<?xml version="1.0" encoding="UTF-8"?>
<!-- Generated by org.testng.reporters.JUnitReportReporter -->
<testsuite hostname="SeenaReddy" failures="0" tests="1" name="testng.TakeScreenshotSample" time="8.762" errors="0" timestamp="2023-03-02T21:30:42 CST" skipped="0">
  <testcase classname="testng.TakeScreenshotSample" name="f" time="8.762"/>
  <system-out/>
</testsuite> <!-- testng.TakeScreenshotSample -->
